c:\users\zhou\documents\visual studio 2013\projects\chapter10\chapter10\debug\chapter10.pch
c:\users\zhou\documents\visual studio 2013\projects\chapter10\chapter10\debug\vc120.pdb
c:\users\zhou\documents\visual studio 2013\projects\chapter10\chapter10\debug\vc120.idb
c:\users\zhou\documents\visual studio 2013\projects\chapter10\chapter10\debug\stdafx.obj
c:\users\zhou\documents\visual studio 2013\projects\chapter10\chapter10\debug\chapter10.obj
c:\users\zhou\documents\visual studio 2013\projects\chapter10\chapter10\debug\declaration.obj
c:\users\zhou\documents\visual studio 2013\projects\chapter10\debug\chapter10.pdb
c:\users\zhou\documents\visual studio 2013\projects\chapter10\chapter10\debug\chapter10.tlog\cl.command.1.tlog
c:\users\zhou\documents\visual studio 2013\projects\chapter10\chapter10\debug\chapter10.tlog\cl.read.1.tlog
c:\users\zhou\documents\visual studio 2013\projects\chapter10\chapter10\debug\chapter10.tlog\cl.write.1.tlog
c:\users\zhou\documents\visual studio 2013\projects\chapter10\chapter10\debug\chapter10.tlog\link-cvtres.read.1.tlog
c:\users\zhou\documents\visual studio 2013\projects\chapter10\chapter10\debug\chapter10.tlog\link-cvtres.write.1.tlog
c:\users\zhou\documents\visual studio 2013\projects\chapter10\chapter10\debug\chapter10.tlog\link-rc.read.1.tlog
c:\users\zhou\documents\visual studio 2013\projects\chapter10\chapter10\debug\chapter10.tlog\link-rc.write.1.tlog
c:\users\zhou\documents\visual studio 2013\projects\chapter10\chapter10\debug\chapter10.tlog\link.25244-cvtres.read.1.tlog
c:\users\zhou\documents\visual studio 2013\projects\chapter10\chapter10\debug\chapter10.tlog\link.25244-cvtres.write.1.tlog
c:\users\zhou\documents\visual studio 2013\projects\chapter10\chapter10\debug\chapter10.tlog\link.25244-rc.read.1.tlog
c:\users\zhou\documents\visual studio 2013\projects\chapter10\chapter10\debug\chapter10.tlog\link.25244-rc.write.1.tlog
c:\users\zhou\documents\visual studio 2013\projects\chapter10\chapter10\debug\chapter10.tlog\link.25244.read.1.tlog
c:\users\zhou\documents\visual studio 2013\projects\chapter10\chapter10\debug\chapter10.tlog\link.25244.write.1.tlog
c:\users\zhou\documents\visual studio 2013\projects\chapter10\chapter10\debug\chapter10.tlog\link.command.1.tlog
c:\users\zhou\documents\visual studio 2013\projects\chapter10\chapter10\debug\chapter10.tlog\link.read.1.tlog
c:\users\zhou\documents\visual studio 2013\projects\chapter10\chapter10\debug\chapter10.tlog\link.write.1.tlog
